2021-03-02 16:16:34.104 INFO  com.bobby.wiki.config.WikiApplication             :55   [32m                  [0;39m Starting WikiApplication using Java 15.0.1 on LAPTOP-4KLRVPMO with PID 5724 (C:\Users\bobby\IdeaProjects\wiki\target\classes started by bobby in C:\Users\bobby\IdeaProjects\wiki)
2021-03-02 16:16:34.111 INFO  com.bobby.wiki.config.WikiApplication             :660  [32m                  [0;39m No active profile set, falling back to default profiles: default
2021-03-02 16:16:34.184 INFO  o.s.b.d.env.DevToolsPropertyDefaultsPostProcessor :255  [32m                  [0;39m Devtools property defaults active! Set 'spring.devtools.add-properties' to 'false' to disable
2021-03-02 16:16:34.185 INFO  o.s.b.d.env.DevToolsPropertyDefaultsPostProcessor :255  [32m                  [0;39m For additional web related logging consider setting the 'logging.level.web' property to 'DEBUG'
2021-03-02 16:16:35.798 INFO  o.s.boot.web.embedded.tomcat.TomcatWebServer      :108  [32m                  [0;39m Tomcat initialized with port(s): 8880 (http)
2021-03-02 16:16:35.812 INFO  org.apache.coyote.http11.Http11NioProtocol        :173  [32m                  [0;39m Initializing ProtocolHandler ["http-nio-8880"]
2021-03-02 16:16:35.813 INFO  org.apache.catalina.core.StandardService          :173  [32m                  [0;39m Starting service [Tomcat]
2021-03-02 16:16:35.813 INFO  org.apache.catalina.core.StandardEngine           :173  [32m                  [0;39m Starting Servlet engine: [Apache Tomcat/9.0.43]
2021-03-02 16:16:35.915 INFO  o.a.c.core.ContainerBase.[Tomcat].[localhost].[/] :173  [32m                  [0;39m Initializing Spring embedded WebApplicationContext
2021-03-02 16:16:35.916 INFO  o.s.b.w.s.c.ServletWebServerApplicationContext    :289  [32m                  [0;39m Root WebApplicationContext: initialization completed in 1729 ms
2021-03-02 16:16:36.523 INFO  o.s.scheduling.concurrent.ThreadPoolTaskExecutor  :181  [32m                  [0;39m Initializing ExecutorService 'applicationTaskExecutor'
2021-03-02 16:16:36.813 INFO  o.s.b.d.autoconfigure.OptionalLiveReloadServer    :58   [32m                  [0;39m LiveReload server is running on port 35729
2021-03-02 16:16:36.832 INFO  org.apache.coyote.http11.Http11NioProtocol        :173  [32m                  [0;39m Starting ProtocolHandler ["http-nio-8880"]
2021-03-02 16:16:36.857 INFO  o.s.boot.web.embedded.tomcat.TomcatWebServer      :220  [32m                  [0;39m Tomcat started on port(s): 8880 (http) with context path ''
2021-03-02 16:16:36.871 INFO  com.bobby.wiki.config.WikiApplication             :61   [32m                  [0;39m Started WikiApplication in 3.46 seconds (JVM running for 4.439)
2021-03-02 16:16:36.875 INFO  com.bobby.wiki.config.WikiApplication             :21   [32m                  [0;39m 启动成功!!
2021-03-02 16:16:36.875 INFO  com.bobby.wiki.config.WikiApplication             :22   [32m                  [0;39m 地址：	 http://127.0.0.1:8880
2021-03-02 16:17:22.201 INFO  o.a.c.core.ContainerBase.[Tomcat].[localhost].[/] :173  [32m                  [0;39m Initializing Spring DispatcherServlet 'dispatcherServlet'
2021-03-02 16:17:22.202 INFO  org.springframework.web.servlet.DispatcherServlet :525  [32m                  [0;39m Initializing Servlet 'dispatcherServlet'
2021-03-02 16:17:22.204 INFO  org.springframework.web.servlet.DispatcherServlet :547  [32m                  [0;39m Completed initialization in 1 ms
2021-03-02 16:17:22.292 INFO  com.zaxxer.hikari.HikariDataSource                :110  [32m                  [0;39m HikariPool-1 - Starting...
2021-03-02 16:17:22.686 INFO  com.zaxxer.hikari.HikariDataSource                :123  [32m                  [0;39m HikariPool-1 - Start completed.
